<?xml version="1.0" encoding="UTF-8"?>
<!-- Generated by org.testng.reporters.JUnitReportReporter -->
<testsuite hostname="DESKTOP-SSS5PN9" failures="0" tests="3" name="testCases.TC_002_LoginDataDrivenTest" time="20.407" errors="0" timestamp="2023-07-28T08:43:16 CEST" skipped="0">
  <testcase classname="testCases.TC_002_LoginDataDrivenTest" name="test_LoginDDT" time="6.638"/>
  <testcase classname="testCases.TC_002_LoginDataDrivenTest" name="test_LoginDDT" time="6.819"/>
  <testcase classname="testCases.TC_002_LoginDataDrivenTest" name="test_LoginDDT" time="6.950"/>
</testsuite> <!-- testCases.TC_002_LoginDataDrivenTest -->
