<?xml version="1.0" encoding="UTF-8"?>
<!-- Generated by org.testng.reporters.JUnitReportReporter -->
<testsuite hostname="DESKTOP-SSS5PN9" failures="0" tests="1" name="testCases.TC_001_PartnerDetails" time="15.359" errors="0" timestamp="2023-07-27T21:26:31 CEST" skipped="0">
  <testcase classname="testCases.TC_001_PartnerDetails" name="PartnerDetails" time="15.359"/>
</testsuite> <!-- testCases.TC_001_PartnerDetails -->
